This file contains any messages produced by compilers while
running configure, to aid debugging if configure makes a mistake.

It was created by metis configure 4.1.1, which was
generated by GNU Autoconf 2.62.  Invocation command line was

  $ ./configure --prefix=/home/bianx/project/trunk/ppm/local

## --------- ##
## Platform. ##
## --------- ##

hostname = azumi
uname -m = x86_64
uname -r = 2.6.37.6-0.7-desktop
uname -s = Linux
uname -v = #1 SMP PREEMPT 2011-07-21 02:17:24 +0200

/usr/bin/uname -p = unknown
/bin/uname -X     = unknown

/bin/arch              = x86_64
/usr/bin/arch -k       = unknown
/usr/convex/getsysinfo = unknown
/usr/bin/hostinfo      = unknown
/bin/machine           = unknown
/usr/bin/oslevel       = unknown
/bin/universe          = unknown

PATH: /home/bianx/project/trunk/mcf/scripts/
PATH: /home/bianx/project/trunk/ppm/local/bin/
PATH: /home/bianx/project/trunk/ppm/local/include/
PATH: /home/bianx/project/trunk/python/bin/
PATH: /home/bianx/project/trunk/punto/punto-0.1.1/bin/
PATH: /global/intel/Compiler/11.0/074/bin/intel64/
PATH: /home/bianx/project/trunk/mcf/scripts/
PATH: /home/bianx/project/trunk/ppm/local/bin/
PATH: /home/bianx/project/trunk/ppm/local/include/
PATH: /home/bianx/project/trunk/python/bin/
PATH: /home/bianx/project/trunk/punto/punto-0.1.1/bin/
PATH: /global/intel/Compiler/11.0/074/bin/intel64/
PATH: /usr/local/bin
PATH: /usr/bin
PATH: /bin
PATH: /usr/bin/X11
PATH: /usr/X11R6/bin
PATH: /usr/games
PATH: /opt/kde3/bin
PATH: /usr/lib64/jvm/jre/bin
PATH: /usr/sbin
PATH: /global/bin
PATH: /global/intel/bin
PATH: /global/CFX/v110/icemcfd/linux64_amd/bin
PATH: /global/CFX/CFX-11.0/bin
PATH: /usr/sbin


## ----------- ##
## Core tests. ##
## ----------- ##

configure:1868: checking for a BSD-compatible install
configure:1936: result: /usr/bin/install -c
configure:1947: checking whether build environment is sane
configure:1990: result: yes
configure:2015: checking for a thread-safe mkdir -p
configure:2054: result: /bin/mkdir -p
configure:2067: checking for gawk
configure:2083: found /usr/bin/gawk
configure:2094: result: gawk
configure:2105: checking whether make sets $(MAKE)
configure:2127: result: yes
configure:2365: checking for gcc
configure:2392: result: icc
configure:2630: checking for C compiler version
configure:2638: icc --version >&5
icc (ICC) 11.0 20081105
Copyright (C) 1985-2008 Intel Corporation.  All rights reserved.

configure:2642: $? = 0
configure:2649: icc -v >&5
Version 11.0 
configure:2653: $? = 0
configure:2660: icc -V >&5
Intel(R) C Intel(R) 64 Compiler Professional for applications running on Intel(R) 64, Version 11.0    Build 20081105 Package ID: l_cproc_p_11.0.074
Copyright (C) 1985-2008 Intel Corporation.  All rights reserved.
FOR NON-COMMERCIAL USE ONLY

configure:2664: $? = 0
configure:2687: checking for C compiler default output file name
configure:2709: icc    conftest.c  >&5
configure:2713: $? = 0
configure:2751: result: a.out
configure:2768: checking whether the C compiler works
configure:2778: ./a.out
configure:2782: $? = 0
configure:2799: result: yes
configure:2806: checking whether we are cross compiling
configure:2808: result: no
configure:2811: checking for suffix of executables
configure:2818: icc -o conftest    conftest.c  >&5
configure:2822: $? = 0
configure:2846: result: 
configure:2852: checking for suffix of object files
configure:2878: icc -c   conftest.c >&5
configure:2882: $? = 0
configure:2905: result: o
configure:2909: checking whether we are using the GNU C compiler
configure:2938: icc -c   conftest.c >&5
configure:2945: $? = 0
configure:2962: result: yes
configure:2971: checking whether icc accepts -g
configure:3001: icc -c -g  conftest.c >&5
configure:3008: $? = 0
configure:3109: result: yes
configure:3126: checking for icc option to accept ISO C89
configure:3200: icc  -c -g -O2  conftest.c >&5
configure:3207: $? = 0
configure:3230: result: none needed
configure:3259: checking for style of include used by make
configure:3287: result: GNU
configure:3312: checking dependency style of icc
configure:3403: result: gcc3
configure:3461: checking for ranlib
configure:3477: found /usr/bin/ranlib
configure:3488: result: ranlib
configure:3524: checking how to run the C preprocessor
configure:3564: icc -E  conftest.c
configure:3571: $? = 0
configure:3602: icc -E  conftest.c
conftest.c(10): error #5: could not open source file "ac_nonexistent.h"
  #include <ac_nonexistent.h>
                             ^

configure:3609: $? = 2
configure: failed program was:
| /* confdefs.h.  */
| #define PACKAGE_NAME "metis"
| #define PACKAGE_TARNAME "metis"
| #define PACKAGE_VERSION "4.1.1"
| #define PACKAGE_STRING "metis 4.1.1"
| #define PACKAGE_BUGREPORT ""
| #define PACKAGE "metis"
| #define VERSION "4.1.1"
| /* end confdefs.h.  */
| #include <ac_nonexistent.h>
configure:3642: result: icc -E
configure:3671: icc -E  conftest.c
configure:3678: $? = 0
configure:3709: icc -E  conftest.c
conftest.c(10): error #5: could not open source file "ac_nonexistent.h"
  #include <ac_nonexistent.h>
                             ^

configure:3716: $? = 2
configure: failed program was:
| /* confdefs.h.  */
| #define PACKAGE_NAME "metis"
| #define PACKAGE_TARNAME "metis"
| #define PACKAGE_VERSION "4.1.1"
| #define PACKAGE_STRING "metis 4.1.1"
| #define PACKAGE_BUGREPORT ""
| #define PACKAGE "metis"
| #define VERSION "4.1.1"
| /* end confdefs.h.  */
| #include <ac_nonexistent.h>
configure:3754: checking for grep that handles long lines and -e
configure:3814: result: /usr/bin/grep
configure:3819: checking for egrep
configure:3883: result: /usr/bin/grep -E
configure:3888: checking for ANSI C header files
configure:3918: icc -c -g -O2  conftest.c >&5
configure:3925: $? = 0
configure:4024: icc -o conftest -g -O2   conftest.c  >&5
configure:4028: $? = 0
configure:4034: ./conftest
configure:4038: $? = 0
configure:4056: result: yes
configure:4080: checking for sys/types.h
configure:4101: icc -c -g -O2  conftest.c >&5
configure:4108: $? = 0
configure:4125: result: yes
configure:4080: checking for sys/stat.h
configure:4101: icc -c -g -O2  conftest.c >&5
configure:4108: $? = 0
configure:4125: result: yes
configure:4080: checking for stdlib.h
configure:4101: icc -c -g -O2  conftest.c >&5
configure:4108: $? = 0
configure:4125: result: yes
configure:4080: checking for string.h
configure:4101: icc -c -g -O2  conftest.c >&5
configure:4108: $? = 0
configure:4125: result: yes
configure:4080: checking for memory.h
configure:4101: icc -c -g -O2  conftest.c >&5
configure:4108: $? = 0
configure:4125: result: yes
configure:4080: checking for strings.h
configure:4101: icc -c -g -O2  conftest.c >&5
configure:4108: $? = 0
configure:4125: result: yes
configure:4080: checking for inttypes.h
configure:4101: icc -c -g -O2  conftest.c >&5
configure:4108: $? = 0
configure:4125: result: yes
configure:4080: checking for stdint.h
configure:4101: icc -c -g -O2  conftest.c >&5
configure:4108: $? = 0
configure:4125: result: yes
configure:4080: checking for unistd.h
configure:4101: icc -c -g -O2  conftest.c >&5
configure:4108: $? = 0
configure:4125: result: yes
configure:4157: checking malloc.h usability
configure:4174: icc -c -g -O2  conftest.c >&5
configure:4181: $? = 0
configure:4195: result: yes
configure:4199: checking malloc.h presence
configure:4214: icc -E  conftest.c
configure:4221: $? = 0
configure:4235: result: yes
configure:4263: checking for malloc.h
configure:4272: result: yes
configure:4146: checking for stdlib.h
configure:4153: result: yes
configure:4146: checking for string.h
configure:4153: result: yes
configure:4146: checking for strings.h
configure:4153: result: yes
configure:4295: checking for stdlib.h
configure:4302: result: yes
configure:4435: checking for GNU libc compatible malloc
configure:4469: icc -o conftest -g -O2   conftest.c  >&5
configure:4473: $? = 0
configure:4479: ./conftest
configure:4483: $? = 0
configure:4500: result: yes
configure:4533: checking for stdlib.h
configure:4540: result: yes
configure:4673: checking for GNU libc compatible realloc
configure:4707: icc -o conftest -g -O2   conftest.c  >&5
configure:4711: $? = 0
configure:4717: ./conftest
configure:4721: $? = 0
configure:4738: result: yes
configure:4771: checking for pow
configure:4827: icc -o conftest -g -O2   conftest.c  >&5
conftest.c(62) (col. 8): warning #980: wrong number of actual arguments to intrinsic function "pow"

configure:4834: $? = 0
configure:4856: result: yes
configure:4771: checking for sqrt
configure:4827: icc -o conftest -g -O2   conftest.c  >&5
conftest.c(63) (col. 8): warning #980: wrong number of actual arguments to intrinsic function "sqrt"

configure:4834: $? = 0
configure:4856: result: yes
configure:4986: creating ./config.status

## ---------------------- ##
## Running config.status. ##
## ---------------------- ##

This file was extended by metis config.status 4.1.1, which was
generated by GNU Autoconf 2.62.  Invocation command line was

  CONFIG_FILES    = 
  CONFIG_HEADERS  = 
  CONFIG_LINKS    = 
  CONFIG_COMMANDS = 
  $ ./config.status 

on azumi

config.status:780: creating Makefile
config.status:780: creating src/Makefile
config.status:780: creating config.h
config.status:1054: executing depfiles commands

## ---------------- ##
## Cache variables. ##
## ---------------- ##

ac_cv_c_compiler_gnu=yes
ac_cv_env_CC_set=set
ac_cv_env_CC_value=icc
ac_cv_env_CFLAGS_set=
ac_cv_env_CFLAGS_value=
ac_cv_env_CPPFLAGS_set=
ac_cv_env_CPPFLAGS_value=
ac_cv_env_CPP_set=
ac_cv_env_CPP_value=
ac_cv_env_LDFLAGS_set=
ac_cv_env_LDFLAGS_value=
ac_cv_env_LIBS_set=
ac_cv_env_LIBS_value=
ac_cv_env_build_alias_set=
ac_cv_env_build_alias_value=
ac_cv_env_host_alias_set=
ac_cv_env_host_alias_value=
ac_cv_env_target_alias_set=
ac_cv_env_target_alias_value=
ac_cv_func_malloc_0_nonnull=yes
ac_cv_func_pow=yes
ac_cv_func_realloc_0_nonnull=yes
ac_cv_func_sqrt=yes
ac_cv_header_inttypes_h=yes
ac_cv_header_malloc_h=yes
ac_cv_header_memory_h=yes
ac_cv_header_stdc=yes
ac_cv_header_stdint_h=yes
ac_cv_header_stdlib_h=yes
ac_cv_header_string_h=yes
ac_cv_header_strings_h=yes
ac_cv_header_sys_stat_h=yes
ac_cv_header_sys_types_h=yes
ac_cv_header_unistd_h=yes
ac_cv_objext=o
ac_cv_path_EGREP='/usr/bin/grep -E'
ac_cv_path_GREP=/usr/bin/grep
ac_cv_path_install='/usr/bin/install -c'
ac_cv_path_mkdir=/bin/mkdir
ac_cv_prog_AWK=gawk
ac_cv_prog_CPP='icc -E'
ac_cv_prog_ac_ct_CC=icc
ac_cv_prog_ac_ct_RANLIB=ranlib
ac_cv_prog_cc_c89=
ac_cv_prog_cc_g=yes
ac_cv_prog_make_make_set=yes
am_cv_CC_dependencies_compiler_type=gcc3

## ----------------- ##
## Output variables. ##
## ----------------- ##

ACLOCAL='${SHELL} /home/bianx/project/trunk/ppm/work/metis-4.1.1/missing --run aclocal-1.10'
AMDEPBACKSLASH='\'
AMDEP_FALSE='#'
AMDEP_TRUE=''
AMTAR='${SHELL} /home/bianx/project/trunk/ppm/work/metis-4.1.1/missing --run tar'
AUTOCONF='${SHELL} /home/bianx/project/trunk/ppm/work/metis-4.1.1/missing --run autoconf'
AUTOHEADER='${SHELL} /home/bianx/project/trunk/ppm/work/metis-4.1.1/missing --run autoheader'
AUTOMAKE='${SHELL} /home/bianx/project/trunk/ppm/work/metis-4.1.1/missing --run automake-1.10'
AWK='gawk'
CC='icc'
CCDEPMODE='depmode=gcc3'
CFLAGS='-g -O2'
CPP='icc -E'
CPPFLAGS=''
CYGPATH_W='echo'
DEFS='-DHAVE_CONFIG_H'
DEPDIR='.deps'
ECHO_C=''
ECHO_N='-n'
ECHO_T=''
EGREP='/usr/bin/grep -E'
EXEEXT=''
GREP='/usr/bin/grep'
INSTALL_DATA='${INSTALL} -m 644'
INSTALL_PROGRAM='${INSTALL}'
INSTALL_SCRIPT='${INSTALL}'
INSTALL_STRIP_PROGRAM='$(install_sh) -c -s'
LDFLAGS=''
LIBOBJS=''
LIBS=''
LTLIBOBJS=''
MAKEINFO='${SHELL} /home/bianx/project/trunk/ppm/work/metis-4.1.1/missing --run makeinfo'
MKDIR_P='/bin/mkdir -p'
OBJEXT='o'
PACKAGE='metis'
PACKAGE_BUGREPORT=''
PACKAGE_NAME='metis'
PACKAGE_STRING='metis 4.1.1'
PACKAGE_TARNAME='metis'
PACKAGE_VERSION='4.1.1'
PATH_SEPARATOR=':'
RANLIB='ranlib'
SET_MAKE=''
SHELL='/bin/sh'
STRIP=''
VERSION='4.1.1'
ac_ct_CC='icc'
am__fastdepCC_FALSE='#'
am__fastdepCC_TRUE=''
am__include='include'
am__isrc=''
am__leading_dot='.'
am__quote=''
am__tar='${AMTAR} chof - "$$tardir"'
am__untar='${AMTAR} xf -'
bindir='${exec_prefix}/bin'
build_alias=''
datadir='${datarootdir}'
datarootdir='${prefix}/share'
docdir='${datarootdir}/doc/${PACKAGE_TARNAME}'
dvidir='${docdir}'
exec_prefix='${prefix}'
host_alias=''
htmldir='${docdir}'
includedir='${prefix}/include'
infodir='${datarootdir}/info'
install_sh='$(SHELL) /home/bianx/project/trunk/ppm/work/metis-4.1.1/install-sh'
libdir='${exec_prefix}/lib'
libexecdir='${exec_prefix}/libexec'
localedir='${datarootdir}/locale'
localstatedir='${prefix}/var'
mandir='${datarootdir}/man'
mkdir_p='/bin/mkdir -p'
oldincludedir='/usr/include'
pdfdir='${docdir}'
prefix='/home/bianx/project/trunk/ppm/local'
program_transform_name='s,x,x,'
psdir='${docdir}'
sbindir='${exec_prefix}/sbin'
sharedstatedir='${prefix}/com'
sysconfdir='${prefix}/etc'
target_alias=''

## ----------- ##
## confdefs.h. ##
## ----------- ##

#define PACKAGE_NAME "metis"
#define PACKAGE_TARNAME "metis"
#define PACKAGE_VERSION "4.1.1"
#define PACKAGE_STRING "metis 4.1.1"
#define PACKAGE_BUGREPORT ""
#define PACKAGE "metis"
#define VERSION "4.1.1"
#define STDC_HEADERS 1
#define HAVE_SYS_TYPES_H 1
#define HAVE_SYS_STAT_H 1
#define HAVE_STDLIB_H 1
#define HAVE_STRING_H 1
#define HAVE_MEMORY_H 1
#define HAVE_STRINGS_H 1
#define HAVE_INTTYPES_H 1
#define HAVE_STDINT_H 1
#define HAVE_UNISTD_H 1
#define HAVE_MALLOC_H 1
#define HAVE_STDLIB_H 1
#define HAVE_STRING_H 1
#define HAVE_STRINGS_H 1
#define HAVE_STDLIB_H 1
#define HAVE_MALLOC 1
#define HAVE_STDLIB_H 1
#define HAVE_REALLOC 1
#define HAVE_POW 1
#define HAVE_SQRT 1

configure: exit 0
