This file contains any messages produced by compilers while
running configure, to aid debugging if configure makes a mistake.

It was created by mcf configure 1.0, which was
generated by GNU Autoconf 2.68.  Invocation command line was

  $ ./configure --prefix=/home/bianx/MCF/mcf/mcf_install/ FC=gfortran MPIFC=mpif90 LDFLAGS=-L/home/bianx/MCF/ppm/local/lib/ FCFLAGS=-I/home/bianx/MCF/ppm/local/include/ MAKEDEPF90=/home/bianx/MCF/ppm/local/bin/makedepf90

## --------- ##
## Platform. ##
## --------- ##

hostname = Worent
uname -m = x86_64
uname -r = 3.0.0-14-generic
uname -s = Linux
uname -v = #23-Ubuntu SMP Mon Nov 21 20:28:43 UTC 2011

/usr/bin/uname -p = unknown
/bin/uname -X     = unknown

/bin/arch              = unknown
/usr/bin/arch -k       = unknown
/usr/convex/getsysinfo = unknown
/usr/bin/hostinfo      = unknown
/bin/machine           = unknown
/usr/bin/oslevel       = unknown
/bin/universe          = unknown

PATH: /home/bianx/project/trunk/mcf/scripts
PATH: /home/bianx/project/trunk/ppm/local/bin/
PATH: /home/bianx/project/trunk/ppm/local/include/
PATH: /home/bianx/project/trunk/punto/punto-0.1.1/bin/
PATH: /usr/include/
PATH: /home/bianx/project/trunk/mcf/mcf_install/bin/
PATH: /usr/lib/lightdm/lightdm
PATH: /usr/local/sbin
PATH: /usr/local/bin
PATH: /usr/sbin
PATH: /usr/bin
PATH: /sbin
PATH: /bin
PATH: /usr/games


## ----------- ##
## Core tests. ##
## ----------- ##

configure:1969: checking for a BSD-compatible install
configure:2037: result: /usr/bin/install -c
configure:2048: checking whether build environment is sane
configure:2098: result: yes
configure:2239: checking for a thread-safe mkdir -p
configure:2278: result: /bin/mkdir -p
configure:2291: checking for gawk
configure:2321: result: no
configure:2291: checking for mawk
configure:2307: found /usr/bin/mawk
configure:2318: result: mawk
configure:2329: checking whether make sets $(MAKE)
configure:2351: result: yes
configure:2539: checking for Fortran compiler version
configure:2548: gfortran --version >&5
GNU Fortran (Ubuntu/Linaro 4.6.1-9ubuntu3) 4.6.1
Copyright (C) 2011 Free Software Foundation, Inc.

GNU Fortran comes with NO WARRANTY, to the extent permitted by law.
You may redistribute copies of GNU Fortran
under the terms of the GNU General Public License.
For more information about these matters, see the file named COPYING

configure:2559: $? = 0
configure:2548: gfortran -v >&5
Using built-in specs.
COLLECT_GCC=gfortran
COLLECT_LTO_WRAPPER=/usr/lib/gcc/x86_64-linux-gnu/4.6.1/lto-wrapper
Target: x86_64-linux-gnu
Configured with: ../src/configure -v --with-pkgversion='Ubuntu/Linaro 4.6.1-9ubuntu3' --with-bugurl=file:///usr/share/doc/gcc-4.6/README.Bugs --enable-languages=c,c++,fortran,objc,obj-c++,go --prefix=/usr --program-suffix=-4.6 --enable-shared --enable-linker-build-id --with-system-zlib --libexecdir=/usr/lib --without-included-gettext --enable-threads=posix --with-gxx-include-dir=/usr/include/c++/4.6 --libdir=/usr/lib --enable-nls --with-sysroot=/ --enable-clocale=gnu --enable-libstdcxx-debug --enable-libstdcxx-time=yes --enable-plugin --enable-objc-gc --disable-werror --with-arch-32=i686 --with-tune=generic --enable-checking=release --build=x86_64-linux-gnu --host=x86_64-linux-gnu --target=x86_64-linux-gnu
Thread model: posix
gcc version 4.6.1 (Ubuntu/Linaro 4.6.1-9ubuntu3) 
configure:2559: $? = 0
configure:2548: gfortran -V >&5
gfortran: error: unrecognized option '-V'
gfortran: fatal error: no input files
compilation terminated.
configure:2559: $? = 4
configure:2548: gfortran -qversion >&5
gfortran: error: unrecognized option '-qversion'
gfortran: fatal error: no input files
compilation terminated.
configure:2559: $? = 4
configure:2574: checking whether the Fortran compiler works
configure:2596: gfortran -I/home/bianx/MCF/ppm/local/include/ -L/home/bianx/MCF/ppm/local/lib/  conftest.f  >&5
configure:2600: $? = 0
configure:2648: result: yes
configure:2651: checking for Fortran compiler default output file name
configure:2653: result: a.out
configure:2659: checking for suffix of executables
configure:2666: gfortran -o conftest -I/home/bianx/MCF/ppm/local/include/ -L/home/bianx/MCF/ppm/local/lib/  conftest.f  >&5
configure:2670: $? = 0
configure:2692: result: 
configure:2708: checking whether we are cross compiling
configure:2716: gfortran -o conftest -I/home/bianx/MCF/ppm/local/include/ -L/home/bianx/MCF/ppm/local/lib/  conftest.f  >&5
configure:2720: $? = 0
configure:2727: ./conftest
configure:2731: $? = 0
configure:2746: result: no
configure:2751: checking for suffix of object files
configure:2767: gfortran -c -I/home/bianx/MCF/ppm/local/include/  conftest.f >&5
configure:2771: $? = 0
configure:2792: result: o
configure:2800: checking whether we are using the GNU Fortran compiler
configure:2813: gfortran -c -I/home/bianx/MCF/ppm/local/include/  conftest.F >&5
configure:2813: $? = 0
configure:2822: result: yes
configure:2828: checking whether gfortran accepts -g
configure:2839: gfortran -c -g  conftest.f >&5
configure:2839: $? = 0
configure:2847: result: yes
configure:2886: checking for mpif90
configure:2913: result: mpif90
configure:2931: checking for MPI_Init
configure:2938: mpif90 -o conftest -I/home/bianx/MCF/ppm/local/include/ -L/home/bianx/MCF/ppm/local/lib/  conftest.f  >&5
configure:2938: $? = 0
configure:2940: result: yes
configure:3069: checking for mpif.h
configure:3076: mpif90 -c -I/home/bianx/MCF/ppm/local/include/  conftest.f >&5
configure:3076: $? = 0
configure:3077: result: yes
configure:3167: checking for g++
configure:3183: found /usr/bin/g++
configure:3194: result: g++
configure:3221: checking for C++ compiler version
configure:3230: g++ --version >&5
g++ (Ubuntu/Linaro 4.6.1-9ubuntu3) 4.6.1
Copyright (C) 2011 Free Software Foundation, Inc.
This is free software; see the source for copying conditions.  There is NO
warranty; not even for MERCHANTABILITY or FITNESS FOR A PARTICULAR PURPOSE.

configure:3241: $? = 0
configure:3230: g++ -v >&5
Using built-in specs.
COLLECT_GCC=g++
COLLECT_LTO_WRAPPER=/usr/lib/gcc/x86_64-linux-gnu/4.6.1/lto-wrapper
Target: x86_64-linux-gnu
Configured with: ../src/configure -v --with-pkgversion='Ubuntu/Linaro 4.6.1-9ubuntu3' --with-bugurl=file:///usr/share/doc/gcc-4.6/README.Bugs --enable-languages=c,c++,fortran,objc,obj-c++,go --prefix=/usr --program-suffix=-4.6 --enable-shared --enable-linker-build-id --with-system-zlib --libexecdir=/usr/lib --without-included-gettext --enable-threads=posix --with-gxx-include-dir=/usr/include/c++/4.6 --libdir=/usr/lib --enable-nls --with-sysroot=/ --enable-clocale=gnu --enable-libstdcxx-debug --enable-libstdcxx-time=yes --enable-plugin --enable-objc-gc --disable-werror --with-arch-32=i686 --with-tune=generic --enable-checking=release --build=x86_64-linux-gnu --host=x86_64-linux-gnu --target=x86_64-linux-gnu
Thread model: posix
gcc version 4.6.1 (Ubuntu/Linaro 4.6.1-9ubuntu3) 
configure:3241: $? = 0
configure:3230: g++ -V >&5
g++: error: unrecognized option '-V'
g++: fatal error: no input files
compilation terminated.
configure:3241: $? = 4
configure:3230: g++ -qversion >&5
g++: error: unrecognized option '-qversion'
g++: fatal error: no input files
compilation terminated.
configure:3241: $? = 4
configure:3245: checking whether we are using the GNU C++ compiler
configure:3264: g++ -c   conftest.cpp >&5
configure:3264: $? = 0
configure:3273: result: yes
configure:3282: checking whether g++ accepts -g
configure:3302: g++ -c -g  conftest.cpp >&5
configure:3302: $? = 0
configure:3343: result: yes
configure:3376: checking for style of include used by make
configure:3404: result: GNU
configure:3429: checking dependency style of g++
configure:3539: result: none
configure:3561: checking for main in -lstdc++
configure:3580: g++ -o conftest -g -O2  -L/home/bianx/MCF/ppm/local/lib/ conftest.cpp -lstdc++     >&5
configure:3580: $? = 0
configure:3589: result: yes
configure:3602: checking for main in -lgcc_s
configure:3621: g++ -o conftest -g -O2  -L/home/bianx/MCF/ppm/local/lib/ conftest.cpp -lgcc_s  -lstdc++    >&5
configure:3621: $? = 0
configure:3630: result: yes
configure:3653: checking for makedepf90
configure:3681: result: /home/bianx/MCF/ppm/local/bin/makedepf90
configure:3699: checking for Fortran flag to compile .F90 files
configure:3715: mpif90 -c -I/home/bianx/MCF/ppm/local/include/  conftest.F90 >&5
configure:3715: $? = 0
configure:3724: result: none
configure:3750: checking for dfftw_execute_dft_c2r in -lfftw3
configure:3762: mpif90 -o conftest -I/home/bianx/MCF/ppm/local/include/ -L/home/bianx/MCF/ppm/local/lib/  conftest.F90 -lfftw3  -lgcc_s -lstdc++    >&5
configure:3762: $? = 0
configure:3771: result: yes
configure:3786: checking for sfftw_execute_dft_c2r in -lfftw3f
configure:3798: mpif90 -o conftest -I/home/bianx/MCF/ppm/local/include/ -L/home/bianx/MCF/ppm/local/lib/  conftest.F90 -lfftw3f  -lfftw3 -lgcc_s -lstdc++    >&5
configure:3798: $? = 0
configure:3807: result: yes
configure:3822: checking for vizing_coloring in -lvizing
configure:3834: mpif90 -o conftest -I/home/bianx/MCF/ppm/local/include/ -L/home/bianx/MCF/ppm/local/lib/  conftest.F90 -lvizing  -lfftw3f -lfftw3 -lgcc_s -lstdc++    >&5
configure:3834: $? = 0
configure:3843: result: yes
configure:3857: checking for METIS_WPartGraphRecursive in -lmetis
configure:3869: mpif90 -o conftest -I/home/bianx/MCF/ppm/local/include/ -L/home/bianx/MCF/ppm/local/lib/  conftest.F90 -lmetis  -lvizing -lfftw3f -lfftw3 -lgcc_s -lstdc++    >&5
configure:3869: $? = 0
configure:3878: result: yes
configure:3903: mpif90 -o conftest -I/home/bianx/MCF/ppm/local/include/ -L/home/bianx/MCF/ppm/local/lib/  conftest.F90 -lppm -lmetis -lvizing -lfftw3f -lfftw3 -lgcc_s -lstdc++    >&5
configure:3903: $? = 0
configure:3904: result: can compile with ppm
configure:4048: creating ./config.status

## ---------------------- ##
## Running config.status. ##
## ---------------------- ##

This file was extended by mcf config.status 1.0, which was
generated by GNU Autoconf 2.68.  Invocation command line was

  CONFIG_FILES    = 
  CONFIG_HEADERS  = 
  CONFIG_LINKS    = 
  CONFIG_COMMANDS = 
  $ ./config.status 

on Worent

config.status:861: creating Makefile
config.status:861: creating src/Makefile
config.status:861: creating config.h
config.status:1090: executing depfiles commands

## ---------------- ##
## Cache variables. ##
## ---------------- ##

ac_cv_cxx_compiler_gnu=yes
ac_cv_env_CCC_set=
ac_cv_env_CCC_value=
ac_cv_env_CPPFLAGS_set=
ac_cv_env_CPPFLAGS_value=
ac_cv_env_CXXFLAGS_set=
ac_cv_env_CXXFLAGS_value=
ac_cv_env_CXX_set=
ac_cv_env_CXX_value=
ac_cv_env_FCFLAGS_set=set
ac_cv_env_FCFLAGS_value=-I/home/bianx/MCF/ppm/local/include/
ac_cv_env_FC_set=set
ac_cv_env_FC_value=gfortran
ac_cv_env_LDFLAGS_set=set
ac_cv_env_LDFLAGS_value=-L/home/bianx/MCF/ppm/local/lib/
ac_cv_env_LIBS_set=
ac_cv_env_LIBS_value=
ac_cv_env_MAKEDEPF90_set=set
ac_cv_env_MAKEDEPF90_value=/home/bianx/MCF/ppm/local/bin/makedepf90
ac_cv_env_MPIFC_set=set
ac_cv_env_MPIFC_value=mpif90
ac_cv_env_build_alias_set=
ac_cv_env_build_alias_value=
ac_cv_env_host_alias_set=
ac_cv_env_host_alias_value=
ac_cv_env_target_alias_set=
ac_cv_env_target_alias_value=
ac_cv_fc_compiler_gnu=yes
ac_cv_fc_srcext_F90=none
ac_cv_lib_fftw3_dfftw_execute_dft_c2r=yes
ac_cv_lib_fftw3f_sfftw_execute_dft_c2r=yes
ac_cv_lib_gcc_s_main=yes
ac_cv_lib_metis_METIS_WPartGraphRecursive=yes
ac_cv_lib_stdcpp_main=yes
ac_cv_lib_vizing_vizing_coloring=yes
ac_cv_objext=o
ac_cv_path_install='/usr/bin/install -c'
ac_cv_path_mkdir=/bin/mkdir
ac_cv_prog_AWK=mawk
ac_cv_prog_MAKEDEPF90=/home/bianx/MCF/ppm/local/bin/makedepf90
ac_cv_prog_MPIFC=mpif90
ac_cv_prog_ac_ct_CXX=g++
ac_cv_prog_cxx_g=yes
ac_cv_prog_fc_g=yes
ac_cv_prog_make_make_set=yes
am_cv_CXX_dependencies_compiler_type=none

## ----------------- ##
## Output variables. ##
## ----------------- ##

ACLOCAL='${SHELL} /home/bianx/MCF/mcf/build-aux/missing --run aclocal-1.11'
AMDEPBACKSLASH='\'
AMDEP_FALSE='#'
AMDEP_TRUE=''
AMTAR='${SHELL} /home/bianx/MCF/mcf/build-aux/missing --run tar'
AUTOCONF='${SHELL} /home/bianx/MCF/mcf/build-aux/missing --run autoconf'
AUTOHEADER='${SHELL} /home/bianx/MCF/mcf/build-aux/missing --run autoheader'
AUTOMAKE='${SHELL} /home/bianx/MCF/mcf/build-aux/missing --run automake-1.11'
AWK='mawk'
CPPFLAGS=''
CXX='g++'
CXXDEPMODE='depmode=none'
CXXFLAGS='-g -O2'
CYGPATH_W='echo'
DEFS='-DHAVE_CONFIG_H'
DEPDIR='.deps'
ECHO_C=''
ECHO_N='-n'
ECHO_T=''
EXEEXT=''
FC='mpif90'
FCFLAGS='-I/home/bianx/MCF/ppm/local/include/'
FCFLAGS_F90=''
INSTALL_DATA='${INSTALL} -m 644'
INSTALL_PROGRAM='${INSTALL}'
INSTALL_SCRIPT='${INSTALL}'
INSTALL_STRIP_PROGRAM='$(install_sh) -c -s'
LDFLAGS='-L/home/bianx/MCF/ppm/local/lib/'
LIBOBJS=''
LIBS='-lppm -lmetis -lvizing -lfftw3f -lfftw3 -lgcc_s -lstdc++   '
LTLIBOBJS=''
MAKEDEPF90='/home/bianx/MCF/ppm/local/bin/makedepf90'
MAKEINFO='${SHELL} /home/bianx/MCF/mcf/build-aux/missing --run makeinfo'
MKDIR_P='/bin/mkdir -p'
MPIFC='mpif90'
MPILIBS=' '
OBJEXT='o'
PACKAGE='mcf'
PACKAGE_BUGREPORT='xin.bian@aer.mw.tum.de'
PACKAGE_NAME='mcf'
PACKAGE_STRING='mcf 1.0'
PACKAGE_TARNAME='mcf'
PACKAGE_URL=''
PACKAGE_VERSION='1.0'
PATH_SEPARATOR=':'
SET_MAKE=''
SHELL='/bin/bash'
STRIP=''
VERSION='1.0'
ac_ct_CXX='g++'
ac_ct_FC=''
am__EXEEXT_FALSE=''
am__EXEEXT_TRUE='#'
am__fastdepCXX_FALSE=''
am__fastdepCXX_TRUE='#'
am__include='include'
am__isrc=''
am__leading_dot='.'
am__quote=''
am__tar='${AMTAR} chof - "$$tardir"'
am__untar='${AMTAR} xf -'
bindir='${exec_prefix}/bin'
build_alias=''
datadir='${datarootdir}'
datarootdir='${prefix}/share'
docdir='${datarootdir}/doc/${PACKAGE_TARNAME}'
dvidir='${docdir}'
exec_prefix='${prefix}'
host_alias=''
htmldir='${docdir}'
includedir='${prefix}/include'
infodir='${datarootdir}/info'
install_sh='${SHELL} /home/bianx/MCF/mcf/build-aux/install-sh'
libdir='${exec_prefix}/lib'
libexecdir='${exec_prefix}/libexec'
localedir='${datarootdir}/locale'
localstatedir='${prefix}/var'
mandir='${datarootdir}/man'
mkdir_p='/bin/mkdir -p'
oldincludedir='/usr/include'
pdfdir='${docdir}'
prefix='/home/bianx/MCF/mcf/mcf_install'
program_transform_name='s,x,x,'
psdir='${docdir}'
sbindir='${exec_prefix}/sbin'
sharedstatedir='${prefix}/com'
sysconfdir='${prefix}/etc'
target_alias=''

## ----------- ##
## confdefs.h. ##
## ----------- ##

/* confdefs.h */
#define PACKAGE_NAME "mcf"
#define PACKAGE_TARNAME "mcf"
#define PACKAGE_VERSION "1.0"
#define PACKAGE_STRING "mcf 1.0"
#define PACKAGE_BUGREPORT "xin.bian@aer.mw.tum.de"
#define PACKAGE_URL ""
#define PACKAGE "mcf"
#define VERSION "1.0"
#define HAVE_MPI 1
#define HAVE_LIBSTDC__ 1
#define HAVE_LIBGCC_S 1
#define HAVE_LIBFFTW3 1
#define HAVE_LIBFFTW3F 1
#define HAVE_LIBVIZING 1
#define HAVE_LIBMETIS 1

configure: exit 0
