This file contains any messages produced by compilers while
running configure, to aid debugging if configure makes a mistake.

It was created by ppm configure 1.1.1, which was
generated by GNU Autoconf 2.68.  Invocation command line was

  $ ./configure --prefix=/home/bianx/project/trunk/ppm/local --enable-mpi FCFLAGS=-O2 -I/home/bianx/project/trunk/ppm/local/include LDFLAGS=-L/home/bianx/project/trunk/ppm/local/lib MPIFC=mpif90 MAKEDEPF90=/home/bianx/project/trunk/ppm/local/bin/makedepf90 --no-create --no-recursion

## --------- ##
## Platform. ##
## --------- ##

hostname = azumi
uname -m = x86_64
uname -r = 2.6.37.6-0.7-desktop
uname -s = Linux
uname -v = #1 SMP PREEMPT 2011-07-21 02:17:24 +0200

/usr/bin/uname -p = unknown
/bin/uname -X     = unknown

/bin/arch              = x86_64
/usr/bin/arch -k       = unknown
/usr/convex/getsysinfo = unknown
/usr/bin/hostinfo      = unknown
/bin/machine           = unknown
/usr/bin/oslevel       = unknown
/bin/universe          = unknown

PATH: /home/bianx/project/trunk/mcf/scripts/
PATH: /home/bianx/project/trunk/ppm/local/bin/
PATH: /home/bianx/project/trunk/ppm/local/include/
PATH: /home/bianx/project/trunk/python/bin/
PATH: /home/bianx/project/trunk/punto/punto-0.1.1/bin/
PATH: /global/intel/Compiler/11.0/074/bin/intel64/
PATH: /home/bianx/project/trunk/mcf/scripts/
PATH: /home/bianx/project/trunk/ppm/local/bin/
PATH: /home/bianx/project/trunk/ppm/local/include/
PATH: /home/bianx/project/trunk/python/bin/
PATH: /home/bianx/project/trunk/punto/punto-0.1.1/bin/
PATH: /global/intel/Compiler/11.0/074/bin/intel64/
PATH: /usr/local/bin
PATH: /usr/bin
PATH: /bin
PATH: /usr/bin/X11
PATH: /usr/X11R6/bin
PATH: /usr/games
PATH: /opt/kde3/bin
PATH: /usr/lib64/jvm/jre/bin
PATH: /usr/sbin
PATH: /global/bin
PATH: /global/intel/bin
PATH: /global/CFX/v110/icemcfd/linux64_amd/bin
PATH: /global/CFX/CFX-11.0/bin
PATH: /usr/sbin


## ----------- ##
## Core tests. ##
## ----------- ##

configure:1963: checking for a BSD-compatible install
configure:2031: result: /usr/bin/install -c
configure:2042: checking whether build environment is sane
configure:2079: result: yes
configure:2104: checking for a thread-safe mkdir -p
configure:2143: result: /bin/mkdir -p
configure:2156: checking for gawk
configure:2172: found /usr/bin/gawk
configure:2183: result: gawk
configure:2194: checking whether make sets $(MAKE)
configure:2216: result: yes
configure:2453: checking for gfortran
configure:2469: found /usr/bin/gfortran
configure:2480: result: gfortran
configure:2506: checking for Fortran compiler version
configure:2515: gfortran --version >&5
GNU Fortran (SUSE Linux) 4.5.1 20101208 [gcc-4_5-branch revision 167585]
Copyright (C) 2010 Free Software Foundation, Inc.

GNU Fortran comes with NO WARRANTY, to the extent permitted by law.
You may redistribute copies of GNU Fortran
under the terms of the GNU General Public License.
For more information about these matters, see the file named COPYING

configure:2526: $? = 0
configure:2515: gfortran -v >&5
Using built-in specs.
COLLECT_GCC=gfortran
COLLECT_LTO_WRAPPER=/usr/lib64/gcc/x86_64-suse-linux/4.5/lto-wrapper
Target: x86_64-suse-linux
Configured with: ../configure --prefix=/usr --infodir=/usr/share/info --mandir=/usr/share/man --libdir=/usr/lib64 --libexecdir=/usr/lib64 --enable-languages=c,c++,objc,fortran,obj-c++,java,ada --enable-checking=release --with-gxx-include-dir=/usr/include/c++/4.5 --enable-ssp --disable-libssp --disable-plugin --with-bugurl=http://bugs.opensuse.org/ --with-pkgversion='SUSE Linux' --disable-libgcj --disable-libmudflap --with-slibdir=/lib64 --with-system-zlib --enable-__cxa_atexit --enable-libstdcxx-allocator=new --disable-libstdcxx-pch --enable-version-specific-runtime-libs --program-suffix=-4.5 --enable-linux-futex --without-system-libunwind --enable-gold --with-plugin-ld=/usr/bin/gold --with-arch-32=i586 --with-tune=generic --build=x86_64-suse-linux
Thread model: posix
gcc version 4.5.1 20101208 [gcc-4_5-branch revision 167585] (SUSE Linux) 
configure:2526: $? = 0
configure:2515: gfortran -V >&5
gfortran: '-V' option must have argument
configure:2526: $? = 1
configure:2515: gfortran -qversion >&5
gfortran: unrecognized option '-qversion'
gfortran: no input files
configure:2526: $? = 1
configure:2541: checking whether the Fortran compiler works
configure:2563: gfortran -O2 -I/home/bianx/project/trunk/ppm/local/include -L/home/bianx/project/trunk/ppm/local/lib  conftest.f  >&5
configure:2567: $? = 0
configure:2615: result: yes
configure:2618: checking for Fortran compiler default output file name
configure:2620: result: a.out
configure:2626: checking for suffix of executables
configure:2633: gfortran -o conftest -O2 -I/home/bianx/project/trunk/ppm/local/include -L/home/bianx/project/trunk/ppm/local/lib  conftest.f  >&5
configure:2637: $? = 0
configure:2659: result: 
configure:2675: checking whether we are cross compiling
configure:2683: gfortran -o conftest -O2 -I/home/bianx/project/trunk/ppm/local/include -L/home/bianx/project/trunk/ppm/local/lib  conftest.f  >&5
configure:2687: $? = 0
configure:2694: ./conftest
configure:2698: $? = 0
configure:2713: result: no
configure:2718: checking for suffix of object files
configure:2734: gfortran -c -O2 -I/home/bianx/project/trunk/ppm/local/include  conftest.f >&5
configure:2738: $? = 0
configure:2759: result: o
configure:2767: checking whether we are using the GNU Fortran compiler
configure:2780: gfortran -c -O2 -I/home/bianx/project/trunk/ppm/local/include  conftest.F >&5
configure:2780: $? = 0
configure:2789: result: yes
configure:2795: checking whether gfortran accepts -g
configure:2806: gfortran -c -g  conftest.f >&5
configure:2806: $? = 0
configure:2814: result: yes
configure:2866: checking for mpif90
configure:2893: result: mpif90
configure:2911: checking for MPI_Init
configure:2918: mpif90 -o conftest -O2 -I/home/bianx/project/trunk/ppm/local/include -L/home/bianx/project/trunk/ppm/local/lib  conftest.f  >&5
configure:2918: $? = 0
configure:2920: result: yes
configure:3049: checking for mpif.h
configure:3056: mpif90 -c -O2 -I/home/bianx/project/trunk/ppm/local/include  conftest.f >&5
configure:3056: $? = 0
configure:3057: result: yes
configure:3139: checking for ranlib
configure:3155: found /usr/bin/ranlib
configure:3166: result: ranlib
configure:3190: checking for makedepf90
configure:3218: result: /home/bianx/project/trunk/ppm/local/bin/makedepf90
configure:3287: checking for g++
configure:3303: found /usr/bin/g++
configure:3314: result: g++
configure:3341: checking for C++ compiler version
configure:3350: g++ --version >&5
g++ (SUSE Linux) 4.5.1 20101208 [gcc-4_5-branch revision 167585]
Copyright (C) 2010 Free Software Foundation, Inc.
This is free software; see the source for copying conditions.  There is NO
warranty; not even for MERCHANTABILITY or FITNESS FOR A PARTICULAR PURPOSE.

configure:3361: $? = 0
configure:3350: g++ -v >&5
Using built-in specs.
COLLECT_GCC=g++
COLLECT_LTO_WRAPPER=/usr/lib64/gcc/x86_64-suse-linux/4.5/lto-wrapper
Target: x86_64-suse-linux
Configured with: ../configure --prefix=/usr --infodir=/usr/share/info --mandir=/usr/share/man --libdir=/usr/lib64 --libexecdir=/usr/lib64 --enable-languages=c,c++,objc,fortran,obj-c++,java,ada --enable-checking=release --with-gxx-include-dir=/usr/include/c++/4.5 --enable-ssp --disable-libssp --disable-plugin --with-bugurl=http://bugs.opensuse.org/ --with-pkgversion='SUSE Linux' --disable-libgcj --disable-libmudflap --with-slibdir=/lib64 --with-system-zlib --enable-__cxa_atexit --enable-libstdcxx-allocator=new --disable-libstdcxx-pch --enable-version-specific-runtime-libs --program-suffix=-4.5 --enable-linux-futex --without-system-libunwind --enable-gold --with-plugin-ld=/usr/bin/gold --with-arch-32=i586 --with-tune=generic --build=x86_64-suse-linux
Thread model: posix
gcc version 4.5.1 20101208 [gcc-4_5-branch revision 167585] (SUSE Linux) 
configure:3361: $? = 0
configure:3350: g++ -V >&5
g++: '-V' option must have argument
configure:3361: $? = 1
configure:3350: g++ -qversion >&5
g++: unrecognized option '-qversion'
g++: no input files
configure:3361: $? = 1
configure:3365: checking whether we are using the GNU C++ compiler
configure:3384: g++ -c   conftest.cpp >&5
configure:3384: $? = 0
configure:3393: result: yes
configure:3402: checking whether g++ accepts -g
configure:3422: g++ -c -g  conftest.cpp >&5
configure:3422: $? = 0
configure:3463: result: yes
configure:3496: checking for style of include used by make
configure:3524: result: GNU
configure:3549: checking dependency style of g++
configure:3640: result: gcc3
configure:3662: checking for main in -lstdc++
configure:3681: g++ -o conftest -g -O2  -L/home/bianx/project/trunk/ppm/local/lib conftest.cpp -lstdc++     >&5
configure:3681: $? = 0
configure:3690: result: yes
configure:3703: checking for main in -lgcc_s
configure:3722: g++ -o conftest -g -O2  -L/home/bianx/project/trunk/ppm/local/lib conftest.cpp -lgcc_s  -lstdc++    >&5
configure:3722: $? = 0
configure:3731: result: yes
configure:3753: checking for vizing_coloring in -lvizing
configure:3765: mpif90 -o conftest -O2 -I/home/bianx/project/trunk/ppm/local/include -L/home/bianx/project/trunk/ppm/local/lib  conftest.f -lvizing  -lgcc_s -lstdc++      >&5
configure:3765: $? = 0
configure:3774: result: yes
configure:3788: checking for METIS_WPartGraphRecursive in -lmetis
configure:3800: mpif90 -o conftest -O2 -I/home/bianx/project/trunk/ppm/local/include -L/home/bianx/project/trunk/ppm/local/lib  conftest.f -lmetis  -lvizing -lgcc_s -lstdc++      >&5
configure:3800: $? = 0
configure:3809: result: yes
configure:3829: checking for dfftw_execute_dft_c2r in -lfftw3
configure:3841: mpif90 -o conftest -O2 -I/home/bianx/project/trunk/ppm/local/include -L/home/bianx/project/trunk/ppm/local/lib  conftest.f -lfftw3  -lmetis -lvizing -lgcc_s -lstdc++      >&5
configure:3841: $? = 0
configure:3850: result: yes
configure:3865: checking for sfftw_execute_dft_c2r in -lfftw3f
configure:3877: mpif90 -o conftest -O2 -I/home/bianx/project/trunk/ppm/local/include -L/home/bianx/project/trunk/ppm/local/lib  conftest.f -lfftw3f  -lfftw3 -lmetis -lvizing -lgcc_s -lstdc++      >&5
configure:3877: $? = 0
configure:3886: result: yes
configure:3912: checking whether funit executable path has been provided
configure:3934: result: no
configure:3944: checking for funit
configure:3975: result: not
configure:4135: creating ./config.status
configure:5458: ================================================
configure:5460: FC=mpif90
configure:5462: FCFLAGS=-O2 -I/home/bianx/project/trunk/ppm/local/include
configure:5464: LIBS=-lfftw3f -lfftw3 -lmetis -lvizing -lgcc_s -lstdc++     
configure:5466: MAKEDEPF90=/home/bianx/project/trunk/ppm/local/bin/makedepf90
configure:5469: using mpi
configure:5476: not using funit

## ---------------- ##
## Cache variables. ##
## ---------------- ##

ac_cv_cxx_compiler_gnu=yes
ac_cv_env_CCC_set=
ac_cv_env_CCC_value=
ac_cv_env_CPPFLAGS_set=
ac_cv_env_CPPFLAGS_value=
ac_cv_env_CXXFLAGS_set=
ac_cv_env_CXXFLAGS_value=
ac_cv_env_CXX_set=
ac_cv_env_CXX_value=
ac_cv_env_FCFLAGS_set=set
ac_cv_env_FCFLAGS_value='-O2 -I/home/bianx/project/trunk/ppm/local/include'
ac_cv_env_FC_set=
ac_cv_env_FC_value=
ac_cv_env_FUNIT_set=
ac_cv_env_FUNIT_value=
ac_cv_env_LDFLAGS_set=set
ac_cv_env_LDFLAGS_value=-L/home/bianx/project/trunk/ppm/local/lib
ac_cv_env_LIBS_set=
ac_cv_env_LIBS_value=
ac_cv_env_MAKEDEPF90_set=set
ac_cv_env_MAKEDEPF90_value=/home/bianx/project/trunk/ppm/local/bin/makedepf90
ac_cv_env_MPIFC_set=set
ac_cv_env_MPIFC_value=mpif90
ac_cv_env_build_alias_set=
ac_cv_env_build_alias_value=
ac_cv_env_host_alias_set=
ac_cv_env_host_alias_value=
ac_cv_env_target_alias_set=
ac_cv_env_target_alias_value=
ac_cv_fc_compiler_gnu=yes
ac_cv_lib_fftw3_dfftw_execute_dft_c2r=yes
ac_cv_lib_fftw3f_sfftw_execute_dft_c2r=yes
ac_cv_lib_gcc_s_main=yes
ac_cv_lib_metis_METIS_WPartGraphRecursive=yes
ac_cv_lib_stdcpp_main=yes
ac_cv_lib_vizing_vizing_coloring=yes
ac_cv_objext=o
ac_cv_path_FUNIT=not
ac_cv_path_install='/usr/bin/install -c'
ac_cv_path_mkdir=/bin/mkdir
ac_cv_prog_AWK=gawk
ac_cv_prog_MAKEDEPF90=/home/bianx/project/trunk/ppm/local/bin/makedepf90
ac_cv_prog_MPIFC=mpif90
ac_cv_prog_ac_ct_CXX=g++
ac_cv_prog_ac_ct_FC=gfortran
ac_cv_prog_ac_ct_RANLIB=ranlib
ac_cv_prog_cxx_g=yes
ac_cv_prog_fc_g=yes
ac_cv_prog_make_make_set=yes
am_cv_CXX_dependencies_compiler_type=gcc3

## ----------------- ##
## Output variables. ##
## ----------------- ##

ACLOCAL='${SHELL} /home/bianx/project/trunk/ppm/work/libppm-1.1.1/missing --run aclocal-1.10'
AMDEPBACKSLASH='\'
AMDEP_FALSE='#'
AMDEP_TRUE=''
AMTAR='${SHELL} /home/bianx/project/trunk/ppm/work/libppm-1.1.1/missing --run tar'
AUTOCONF='${SHELL} /home/bianx/project/trunk/ppm/work/libppm-1.1.1/missing --run autoconf'
AUTOHEADER='${SHELL} /home/bianx/project/trunk/ppm/work/libppm-1.1.1/missing --run autoheader'
AUTOMAKE='${SHELL} /home/bianx/project/trunk/ppm/work/libppm-1.1.1/missing --run automake-1.10'
AWK='gawk'
CPPFLAGS=''
CXX='g++'
CXXDEPMODE='depmode=gcc3'
CXXFLAGS='-g -O2'
CYGPATH_W='echo'
DEFS='-DHAVE_CONFIG_H'
DEPDIR='.deps'
ECHO_C=''
ECHO_N='-n'
ECHO_T=''
EXEEXT=''
FC='mpif90'
FCFLAGS='-O2 -I/home/bianx/project/trunk/ppm/local/include'
FUNIT='not'
HAVE_FUNIT_FALSE=''
HAVE_FUNIT_TRUE='#'
HAVE_MPI_FALSE='#'
HAVE_MPI_TRUE=''
INSTALL_DATA='${INSTALL} -m 644'
INSTALL_PROGRAM='${INSTALL}'
INSTALL_SCRIPT='${INSTALL}'
INSTALL_STRIP_PROGRAM='$(install_sh) -c -s'
LDFLAGS='-L/home/bianx/project/trunk/ppm/local/lib'
LIBOBJS=''
LIBS='-lfftw3f -lfftw3 -lmetis -lvizing -lgcc_s -lstdc++     '
LTLIBOBJS=''
MAKEDEPF90='/home/bianx/project/trunk/ppm/local/bin/makedepf90'
MAKEINFO='${SHELL} /home/bianx/project/trunk/ppm/work/libppm-1.1.1/missing --run makeinfo'
MKDIR_P='/bin/mkdir -p'
MPIFC='mpif90'
MPILIBS=' '
OBJEXT='o'
PACKAGE='libppm'
PACKAGE_BUGREPORT=''
PACKAGE_NAME='ppm'
PACKAGE_STRING='ppm 1.1.1'
PACKAGE_TARNAME='ppm'
PACKAGE_URL=''
PACKAGE_VERSION='1.1.1'
PATH_SEPARATOR=':'
RANLIB='ranlib'
SET_MAKE=''
SHELL='/bin/sh'
STRIP=''
VERSION='1.1.1'
ac_ct_CXX='g++'
ac_ct_FC='gfortran'
am__fastdepCXX_FALSE='#'
am__fastdepCXX_TRUE=''
am__include='include'
am__isrc=''
am__leading_dot='.'
am__quote=''
am__tar='${AMTAR} chof - "$$tardir"'
am__untar='${AMTAR} xf -'
bindir='${exec_prefix}/bin'
build_alias=''
datadir='${datarootdir}'
datarootdir='${prefix}/share'
docdir='${datarootdir}/doc/${PACKAGE_TARNAME}'
dvidir='${docdir}'
exec_prefix='${prefix}'
host_alias=''
htmldir='${docdir}'
includedir='${prefix}/include'
infodir='${datarootdir}/info'
install_sh='$(SHELL) /home/bianx/project/trunk/ppm/work/libppm-1.1.1/install-sh'
libdir='${exec_prefix}/lib'
libexecdir='${exec_prefix}/libexec'
localedir='${datarootdir}/locale'
localstatedir='${prefix}/var'
mandir='${datarootdir}/man'
mkdir_p='/bin/mkdir -p'
oldincludedir='/usr/include'
pdfdir='${docdir}'
prefix='/home/bianx/project/trunk/ppm/local'
program_transform_name='s,x,x,'
psdir='${docdir}'
sbindir='${exec_prefix}/sbin'
sharedstatedir='${prefix}/com'
sysconfdir='${prefix}/etc'
target_alias=''

## ----------- ##
## confdefs.h. ##
## ----------- ##

/* confdefs.h */
#define PACKAGE_NAME "ppm"
#define PACKAGE_TARNAME "ppm"
#define PACKAGE_VERSION "1.1.1"
#define PACKAGE_STRING "ppm 1.1.1"
#define PACKAGE_BUGREPORT ""
#define PACKAGE_URL ""
#define PACKAGE "libppm"
#define VERSION "1.1.1"
#define USE_MPI 1
#define HAVE_MPI 1
#define HAVE_LIBSTDC__ 1
#define HAVE_LIBGCC_S 1
#define HAVE_LIBVIZING 1
#define HAVE_LIBMETIS 1
#define HAVE_LIBFFTW3 1
#define HAVE_LIBFFTW3F 1

configure: exit 0

## ---------------------- ##
## Running config.status. ##
## ---------------------- ##

This file was extended by ppm config.status 1.1.1, which was
generated by GNU Autoconf 2.68.  Invocation command line was

  CONFIG_FILES    = 
  CONFIG_HEADERS  = 
  CONFIG_LINKS    = 
  CONFIG_COMMANDS = 
  $ ./config.status 

on azumi

config.status:866: creating Makefile
config.status:866: creating src/Makefile
config.status:866: creating test/Makefile
config.status:866: creating config.h
config.status:1047: config.h is unchanged
config.status:1095: executing depfiles commands

## ---------------------- ##
## Running config.status. ##
## ---------------------- ##

This file was extended by ppm config.status 1.1.1, which was
generated by GNU Autoconf 2.68.  Invocation command line was

  CONFIG_FILES    = 
  CONFIG_HEADERS  = 
  CONFIG_LINKS    = 
  CONFIG_COMMANDS = 
  $ ./config.status config.h

on azumi

config.status:866: creating config.h
