This file contains any messages produced by compilers while
running configure, to aid debugging if configure makes a mistake.

It was created by vizing configure 1.0, which was
generated by GNU Autoconf 2.62.  Invocation command line was

  $ ./configure --prefix=/home/bianx/project/trunk/ppm/local

## --------- ##
## Platform. ##
## --------- ##

hostname = azumi
uname -m = x86_64
uname -r = 2.6.37.6-0.7-desktop
uname -s = Linux
uname -v = #1 SMP PREEMPT 2011-07-21 02:17:24 +0200

/usr/bin/uname -p = unknown
/bin/uname -X     = unknown

/bin/arch              = x86_64
/usr/bin/arch -k       = unknown
/usr/convex/getsysinfo = unknown
/usr/bin/hostinfo      = unknown
/bin/machine           = unknown
/usr/bin/oslevel       = unknown
/bin/universe          = unknown

PATH: /home/bianx/project/trunk/mcf/scripts/
PATH: /home/bianx/project/trunk/ppm/local/bin/
PATH: /home/bianx/project/trunk/ppm/local/include/
PATH: /home/bianx/project/trunk/python/bin/
PATH: /home/bianx/project/trunk/punto/punto-0.1.1/bin/
PATH: /global/intel/Compiler/11.0/074/bin/intel64/
PATH: /home/bianx/project/trunk/mcf/scripts/
PATH: /home/bianx/project/trunk/ppm/local/bin/
PATH: /home/bianx/project/trunk/ppm/local/include/
PATH: /home/bianx/project/trunk/python/bin/
PATH: /home/bianx/project/trunk/punto/punto-0.1.1/bin/
PATH: /global/intel/Compiler/11.0/074/bin/intel64/
PATH: /usr/local/bin
PATH: /usr/bin
PATH: /bin
PATH: /usr/bin/X11
PATH: /usr/X11R6/bin
PATH: /usr/games
PATH: /opt/kde3/bin
PATH: /usr/lib64/jvm/jre/bin
PATH: /usr/sbin
PATH: /global/bin
PATH: /global/intel/bin
PATH: /global/CFX/v110/icemcfd/linux64_amd/bin
PATH: /global/CFX/CFX-11.0/bin
PATH: /usr/sbin


## ----------- ##
## Core tests. ##
## ----------- ##

configure:1879: checking for a BSD-compatible install
configure:1947: result: /usr/bin/install -c
configure:1958: checking whether build environment is sane
configure:2001: result: yes
configure:2026: checking for a thread-safe mkdir -p
configure:2065: result: /bin/mkdir -p
configure:2078: checking for gawk
configure:2094: found /usr/bin/gawk
configure:2105: result: gawk
configure:2116: checking whether make sets $(MAKE)
configure:2138: result: yes
configure:2444: checking for C++ compiler version
configure:2452: g++ --version >&5
g++ (SUSE Linux) 4.5.1 20101208 [gcc-4_5-branch revision 167585]
Copyright (C) 2010 Free Software Foundation, Inc.
This is free software; see the source for copying conditions.  There is NO
warranty; not even for MERCHANTABILITY or FITNESS FOR A PARTICULAR PURPOSE.

configure:2456: $? = 0
configure:2463: g++ -v >&5
Using built-in specs.
COLLECT_GCC=g++
COLLECT_LTO_WRAPPER=/usr/lib64/gcc/x86_64-suse-linux/4.5/lto-wrapper
Target: x86_64-suse-linux
Configured with: ../configure --prefix=/usr --infodir=/usr/share/info --mandir=/usr/share/man --libdir=/usr/lib64 --libexecdir=/usr/lib64 --enable-languages=c,c++,objc,fortran,obj-c++,java,ada --enable-checking=release --with-gxx-include-dir=/usr/include/c++/4.5 --enable-ssp --disable-libssp --disable-plugin --with-bugurl=http://bugs.opensuse.org/ --with-pkgversion='SUSE Linux' --disable-libgcj --disable-libmudflap --with-slibdir=/lib64 --with-system-zlib --enable-__cxa_atexit --enable-libstdcxx-allocator=new --disable-libstdcxx-pch --enable-version-specific-runtime-libs --program-suffix=-4.5 --enable-linux-futex --without-system-libunwind --enable-gold --with-plugin-ld=/usr/bin/gold --with-arch-32=i586 --with-tune=generic --build=x86_64-suse-linux
Thread model: posix
gcc version 4.5.1 20101208 [gcc-4_5-branch revision 167585] (SUSE Linux) 
configure:2467: $? = 0
configure:2474: g++ -V >&5
g++: '-V' option must have argument
configure:2478: $? = 1
configure:2501: checking for C++ compiler default output file name
configure:2523: g++    conftest.cpp  >&5
configure:2527: $? = 0
configure:2565: result: a.out
configure:2582: checking whether the C++ compiler works
configure:2592: ./a.out
configure:2596: $? = 0
configure:2613: result: yes
configure:2620: checking whether we are cross compiling
configure:2622: result: no
configure:2625: checking for suffix of executables
configure:2632: g++ -o conftest    conftest.cpp  >&5
configure:2636: $? = 0
configure:2660: result: 
configure:2666: checking for suffix of object files
configure:2692: g++ -c   conftest.cpp >&5
configure:2696: $? = 0
configure:2719: result: o
configure:2723: checking whether we are using the GNU C++ compiler
configure:2752: g++ -c   conftest.cpp >&5
configure:2759: $? = 0
configure:2776: result: yes
configure:2785: checking whether g++ accepts -g
configure:2815: g++ -c -g  conftest.cpp >&5
configure:2822: $? = 0
configure:2923: result: yes
configure:2957: checking for style of include used by make
configure:2985: result: GNU
configure:3010: checking dependency style of g++
configure:3101: result: gcc3
configure:3159: checking for ranlib
configure:3175: found /usr/bin/ranlib
configure:3186: result: ranlib
configure:3264: checking for gcc
configure:3280: found /usr/bin/gcc
configure:3291: result: gcc
configure:3529: checking for C compiler version
configure:3537: gcc --version >&5
gcc (SUSE Linux) 4.5.1 20101208 [gcc-4_5-branch revision 167585]
Copyright (C) 2010 Free Software Foundation, Inc.
This is free software; see the source for copying conditions.  There is NO
warranty; not even for MERCHANTABILITY or FITNESS FOR A PARTICULAR PURPOSE.

configure:3541: $? = 0
configure:3548: gcc -v >&5
Using built-in specs.
COLLECT_GCC=gcc
COLLECT_LTO_WRAPPER=/usr/lib64/gcc/x86_64-suse-linux/4.5/lto-wrapper
Target: x86_64-suse-linux
Configured with: ../configure --prefix=/usr --infodir=/usr/share/info --mandir=/usr/share/man --libdir=/usr/lib64 --libexecdir=/usr/lib64 --enable-languages=c,c++,objc,fortran,obj-c++,java,ada --enable-checking=release --with-gxx-include-dir=/usr/include/c++/4.5 --enable-ssp --disable-libssp --disable-plugin --with-bugurl=http://bugs.opensuse.org/ --with-pkgversion='SUSE Linux' --disable-libgcj --disable-libmudflap --with-slibdir=/lib64 --with-system-zlib --enable-__cxa_atexit --enable-libstdcxx-allocator=new --disable-libstdcxx-pch --enable-version-specific-runtime-libs --program-suffix=-4.5 --enable-linux-futex --without-system-libunwind --enable-gold --with-plugin-ld=/usr/bin/gold --with-arch-32=i586 --with-tune=generic --build=x86_64-suse-linux
Thread model: posix
gcc version 4.5.1 20101208 [gcc-4_5-branch revision 167585] (SUSE Linux) 
configure:3552: $? = 0
configure:3559: gcc -V >&5
gcc: '-V' option must have argument
configure:3563: $? = 1
configure:3566: checking whether we are using the GNU C compiler
configure:3595: gcc -c   conftest.c >&5
configure:3602: $? = 0
configure:3619: result: yes
configure:3628: checking whether gcc accepts -g
configure:3658: gcc -c -g  conftest.c >&5
configure:3665: $? = 0
configure:3766: result: yes
configure:3783: checking for gcc option to accept ISO C89
configure:3857: gcc  -c -g -O2  conftest.c >&5
configure:3864: $? = 0
configure:3887: result: none needed
configure:3907: checking dependency style of gcc
configure:3998: result: gcc3
configure:4019: checking how to run the C preprocessor
configure:4059: gcc -E  conftest.c
configure:4066: $? = 0
configure:4097: gcc -E  conftest.c
conftest.c:10:28: fatal error: ac_nonexistent.h: No such file or directory
compilation terminated.
configure:4104: $? = 1
configure: failed program was:
| /* confdefs.h.  */
| #define PACKAGE_NAME "vizing"
| #define PACKAGE_TARNAME "vizing"
| #define PACKAGE_VERSION "1.0"
| #define PACKAGE_STRING "vizing 1.0"
| #define PACKAGE_BUGREPORT ""
| #define PACKAGE "vizing"
| #define VERSION "0.1"
| /* end confdefs.h.  */
| #include <ac_nonexistent.h>
configure:4137: result: gcc -E
configure:4166: gcc -E  conftest.c
configure:4173: $? = 0
configure:4204: gcc -E  conftest.c
conftest.c:10:28: fatal error: ac_nonexistent.h: No such file or directory
compilation terminated.
configure:4211: $? = 1
configure: failed program was:
| /* confdefs.h.  */
| #define PACKAGE_NAME "vizing"
| #define PACKAGE_TARNAME "vizing"
| #define PACKAGE_VERSION "1.0"
| #define PACKAGE_STRING "vizing 1.0"
| #define PACKAGE_BUGREPORT ""
| #define PACKAGE "vizing"
| #define VERSION "0.1"
| /* end confdefs.h.  */
| #include <ac_nonexistent.h>
configure:4249: checking for grep that handles long lines and -e
configure:4309: result: /usr/bin/grep
configure:4314: checking for egrep
configure:4378: result: /usr/bin/grep -E
configure:4383: checking for ANSI C header files
configure:4413: gcc -c -g -O2  conftest.c >&5
configure:4420: $? = 0
configure:4519: gcc -o conftest -g -O2   conftest.c  >&5
configure:4523: $? = 0
configure:4529: ./conftest
configure:4533: $? = 0
configure:4551: result: yes
configure:4575: checking for sys/types.h
configure:4596: gcc -c -g -O2  conftest.c >&5
configure:4603: $? = 0
configure:4620: result: yes
configure:4575: checking for sys/stat.h
configure:4596: gcc -c -g -O2  conftest.c >&5
configure:4603: $? = 0
configure:4620: result: yes
configure:4575: checking for stdlib.h
configure:4596: gcc -c -g -O2  conftest.c >&5
configure:4603: $? = 0
configure:4620: result: yes
configure:4575: checking for string.h
configure:4596: gcc -c -g -O2  conftest.c >&5
configure:4603: $? = 0
configure:4620: result: yes
configure:4575: checking for memory.h
configure:4596: gcc -c -g -O2  conftest.c >&5
configure:4603: $? = 0
configure:4620: result: yes
configure:4575: checking for strings.h
configure:4596: gcc -c -g -O2  conftest.c >&5
configure:4603: $? = 0
configure:4620: result: yes
configure:4575: checking for inttypes.h
configure:4596: gcc -c -g -O2  conftest.c >&5
configure:4603: $? = 0
configure:4620: result: yes
configure:4575: checking for stdint.h
configure:4596: gcc -c -g -O2  conftest.c >&5
configure:4603: $? = 0
configure:4620: result: yes
configure:4575: checking for unistd.h
configure:4596: gcc -c -g -O2  conftest.c >&5
configure:4603: $? = 0
configure:4620: result: yes
configure:4638: checking for stdlib.h
configure:4645: result: yes
configure:4780: checking for inline
configure:4806: gcc -c -g -O2  conftest.c >&5
configure:4813: $? = 0
configure:4831: result: inline
configure:4977: creating ./config.status

## ---------------------- ##
## Running config.status. ##
## ---------------------- ##

This file was extended by vizing config.status 1.0, which was
generated by GNU Autoconf 2.62.  Invocation command line was

  CONFIG_FILES    = 
  CONFIG_HEADERS  = 
  CONFIG_LINKS    = 
  CONFIG_COMMANDS = 
  $ ./config.status 

on azumi

config.status:777: creating Makefile
config.status:777: creating src/Makefile
config.status:777: creating config.h
config.status:1051: executing depfiles commands

## ---------------- ##
## Cache variables. ##
## ---------------- ##

ac_cv_c_compiler_gnu=yes
ac_cv_c_inline=inline
ac_cv_cxx_compiler_gnu=yes
ac_cv_env_CCC_set=
ac_cv_env_CCC_value=
ac_cv_env_CC_set=
ac_cv_env_CC_value=
ac_cv_env_CFLAGS_set=
ac_cv_env_CFLAGS_value=
ac_cv_env_CPPFLAGS_set=
ac_cv_env_CPPFLAGS_value=
ac_cv_env_CPP_set=
ac_cv_env_CPP_value=
ac_cv_env_CXXFLAGS_set=
ac_cv_env_CXXFLAGS_value=
ac_cv_env_CXX_set=set
ac_cv_env_CXX_value=g++
ac_cv_env_LDFLAGS_set=
ac_cv_env_LDFLAGS_value=
ac_cv_env_LIBS_set=
ac_cv_env_LIBS_value=
ac_cv_env_build_alias_set=
ac_cv_env_build_alias_value=
ac_cv_env_host_alias_set=
ac_cv_env_host_alias_value=
ac_cv_env_target_alias_set=
ac_cv_env_target_alias_value=
ac_cv_header_inttypes_h=yes
ac_cv_header_memory_h=yes
ac_cv_header_stdc=yes
ac_cv_header_stdint_h=yes
ac_cv_header_stdlib_h=yes
ac_cv_header_string_h=yes
ac_cv_header_strings_h=yes
ac_cv_header_sys_stat_h=yes
ac_cv_header_sys_types_h=yes
ac_cv_header_unistd_h=yes
ac_cv_objext=o
ac_cv_path_EGREP='/usr/bin/grep -E'
ac_cv_path_GREP=/usr/bin/grep
ac_cv_path_install='/usr/bin/install -c'
ac_cv_path_mkdir=/bin/mkdir
ac_cv_prog_AWK=gawk
ac_cv_prog_CPP='gcc -E'
ac_cv_prog_ac_ct_CC=gcc
ac_cv_prog_ac_ct_RANLIB=ranlib
ac_cv_prog_cc_c89=
ac_cv_prog_cc_g=yes
ac_cv_prog_cxx_g=yes
ac_cv_prog_make_make_set=yes
am_cv_CC_dependencies_compiler_type=gcc3
am_cv_CXX_dependencies_compiler_type=gcc3

## ----------------- ##
## Output variables. ##
## ----------------- ##

ACLOCAL='${SHELL} /home/bianx/project/trunk/ppm/work/vizing-0.1/missing --run aclocal-1.10'
AMDEPBACKSLASH='\'
AMDEP_FALSE='#'
AMDEP_TRUE=''
AMTAR='${SHELL} /home/bianx/project/trunk/ppm/work/vizing-0.1/missing --run tar'
AUTOCONF='${SHELL} /home/bianx/project/trunk/ppm/work/vizing-0.1/missing --run autoconf'
AUTOHEADER='${SHELL} /home/bianx/project/trunk/ppm/work/vizing-0.1/missing --run autoheader'
AUTOMAKE='${SHELL} /home/bianx/project/trunk/ppm/work/vizing-0.1/missing --run automake-1.10'
AWK='gawk'
CC='gcc'
CCDEPMODE='depmode=gcc3'
CFLAGS='-g -O2'
CPP='gcc -E'
CPPFLAGS=''
CXX='g++'
CXXDEPMODE='depmode=gcc3'
CXXFLAGS='-g -O2'
CYGPATH_W='echo'
DEFS='-DHAVE_CONFIG_H'
DEPDIR='.deps'
ECHO_C=''
ECHO_N='-n'
ECHO_T=''
EGREP='/usr/bin/grep -E'
EXEEXT=''
GREP='/usr/bin/grep'
INSTALL_DATA='${INSTALL} -m 644'
INSTALL_PROGRAM='${INSTALL}'
INSTALL_SCRIPT='${INSTALL}'
INSTALL_STRIP_PROGRAM='$(install_sh) -c -s'
LDFLAGS=''
LIBOBJS=''
LIBS=''
LTLIBOBJS=''
MAKEINFO='${SHELL} /home/bianx/project/trunk/ppm/work/vizing-0.1/missing --run makeinfo'
MKDIR_P='/bin/mkdir -p'
OBJEXT='o'
PACKAGE='vizing'
PACKAGE_BUGREPORT=''
PACKAGE_NAME='vizing'
PACKAGE_STRING='vizing 1.0'
PACKAGE_TARNAME='vizing'
PACKAGE_VERSION='1.0'
PATH_SEPARATOR=':'
RANLIB='ranlib'
SET_MAKE=''
SHELL='/bin/sh'
STRIP=''
VERSION='0.1'
ac_ct_CC='gcc'
ac_ct_CXX=''
am__fastdepCC_FALSE='#'
am__fastdepCC_TRUE=''
am__fastdepCXX_FALSE='#'
am__fastdepCXX_TRUE=''
am__include='include'
am__isrc=''
am__leading_dot='.'
am__quote=''
am__tar='${AMTAR} chof - "$$tardir"'
am__untar='${AMTAR} xf -'
bindir='${exec_prefix}/bin'
build_alias=''
datadir='${datarootdir}'
datarootdir='${prefix}/share'
docdir='${datarootdir}/doc/${PACKAGE_TARNAME}'
dvidir='${docdir}'
exec_prefix='${prefix}'
host_alias=''
htmldir='${docdir}'
includedir='${prefix}/include'
infodir='${datarootdir}/info'
install_sh='$(SHELL) /home/bianx/project/trunk/ppm/work/vizing-0.1/install-sh'
libdir='${exec_prefix}/lib'
libexecdir='${exec_prefix}/libexec'
localedir='${datarootdir}/locale'
localstatedir='${prefix}/var'
mandir='${datarootdir}/man'
mkdir_p='/bin/mkdir -p'
oldincludedir='/usr/include'
pdfdir='${docdir}'
prefix='/home/bianx/project/trunk/ppm/local'
program_transform_name='s,x,x,'
psdir='${docdir}'
sbindir='${exec_prefix}/sbin'
sharedstatedir='${prefix}/com'
sysconfdir='${prefix}/etc'
target_alias=''

## ----------- ##
## confdefs.h. ##
## ----------- ##

#define PACKAGE_NAME "vizing"
#define PACKAGE_TARNAME "vizing"
#define PACKAGE_VERSION "1.0"
#define PACKAGE_STRING "vizing 1.0"
#define PACKAGE_BUGREPORT ""
#define PACKAGE "vizing"
#define VERSION "0.1"
#define STDC_HEADERS 1
#define HAVE_SYS_TYPES_H 1
#define HAVE_SYS_STAT_H 1
#define HAVE_STDLIB_H 1
#define HAVE_STRING_H 1
#define HAVE_MEMORY_H 1
#define HAVE_STRINGS_H 1
#define HAVE_INTTYPES_H 1
#define HAVE_STDINT_H 1
#define HAVE_UNISTD_H 1
#define HAVE_STDLIB_H 1

configure: exit 0
